2020-06-23 15:22:33,869 [main] INFO  [com.entfrm.web.WebApplication] StartupInfoLogger.java:50 - Starting WebApplication on 丿於豪 with PID 3320 (started by 丿於豪 in D:\Workspaces\idea\营养\entfrm1)
2020-06-23 15:22:33,873 [main] DEBUG [com.entfrm.web.WebApplication] StartupInfoLogger.java:53 - Running with Spring Boot v2.1.5.RELEASE, Spring v5.1.7.RELEASE
2020-06-23 15:22:33,874 [main] INFO  [com.entfrm.web.WebApplication] SpringApplication.java:679 - The following profiles are active: druid
2020-06-23 15:22:43,041 [main] WARN  [io.undertow.websockets.jsr] Bootstrap.java:68 - UT026010: Buffer pool was not set on WebSocketDeploymentInfo, the default pool will be used
2020-06-23 15:22:43,160 [main] INFO  [io.undertow.servlet] ServletContextImpl.java:364 - Initializing Spring embedded WebApplicationContext
2020-06-23 15:22:45,810 [main] INFO  [c.entfrm.core.data.config.DynamicDataSourceConfig] DynamicDataSourceConfig.java:60 - 开始 -> 初始化动态数据源
2020-06-23 15:22:45,811 [main] INFO  [c.entfrm.core.data.config.DynamicDataSourceConfig] DynamicDataSourceConfig.java:62 - 数据源:entfrm-boot
2020-06-23 15:22:45,871 [main] INFO  [c.entfrm.core.data.config.DynamicDataSourceConfig] DynamicDataSourceConfig.java:73 - 完毕 -> 初始化动态数据源,共计 1 条
2020-06-23 15:22:46,010 [main] INFO  [org.quartz.ee.servlet.QuartzInitializerListener] QuartzInitializerListener.java:147 - Quartz Initializer Servlet loaded, initializing Scheduler...
2020-06-23 15:22:46,043 [main] INFO  [org.quartz.impl.StdSchedulerFactory] StdSchedulerFactory.java:1208 - Using default implementation for ThreadExecutor
2020-06-23 15:22:46,047 [main] INFO  [org.quartz.simpl.SimpleThreadPool] SimpleThreadPool.java:268 - Job execution threads will use class loader of thread: main
2020-06-23 15:22:46,060 [main] INFO  [org.quartz.core.SchedulerSignalerImpl] SchedulerSignalerImpl.java:61 - Initialized Scheduler Signaller of type: class org.quartz.core.SchedulerSignalerImpl
2020-06-23 15:22:46,060 [main] INFO  [org.quartz.core.QuartzScheduler] QuartzScheduler.java:229 - Quartz Scheduler v.2.3.1 created.
2020-06-23 15:22:46,062 [main] INFO  [org.quartz.simpl.RAMJobStore] RAMJobStore.java:155 - RAMJobStore initialized.
2020-06-23 15:22:46,064 [main] INFO  [org.quartz.core.QuartzScheduler] QuartzScheduler.java:294 - Scheduler meta-data: Quartz Scheduler (v2.3.1) 'DefaultQuartzScheduler' with instanceId 'NON_CLUSTERED'
  Scheduler class: 'org.quartz.core.QuartzScheduler' - running locally.
  NOT STARTED.
  Currently in standby mode.
  Number of jobs executed: 0
  Using thread pool 'org.quartz.simpl.SimpleThreadPool' - with 10 threads.
  Using job-store 'org.quartz.simpl.RAMJobStore' - which does not support persistence. and is not clustered.

2020-06-23 15:22:46,064 [main] INFO  [org.quartz.impl.StdSchedulerFactory] StdSchedulerFactory.java:1362 - Quartz scheduler 'DefaultQuartzScheduler' initialized from default resource file in Quartz package: 'quartz.properties'
2020-06-23 15:22:46,064 [main] INFO  [org.quartz.impl.StdSchedulerFactory] StdSchedulerFactory.java:1366 - Quartz scheduler version: 2.3.1
2020-06-23 15:22:46,065 [main] INFO  [org.quartz.core.QuartzScheduler] QuartzScheduler.java:547 - Scheduler DefaultQuartzScheduler_$_NON_CLUSTERED started.
2020-06-23 15:22:46,065 [main] INFO  [org.quartz.ee.servlet.QuartzInitializerListener] QuartzInitializerListener.java:199 - Scheduler has been started...
2020-06-23 15:22:46,065 [main] INFO  [org.quartz.ee.servlet.QuartzInitializerListener] QuartzInitializerListener.java:217 - Storing the Quartz Scheduler Factory in the servlet context at key: org.quartz.impl.StdSchedulerFactory.KEY
2020-06-23 15:22:48,156 [main] WARN  [c.b.mybatisplus.core.metadata.TableInfoHelper] TableInfoHelper.java:296 - Warn: Could not find @TableId in Class: com.entfrm.biz.system.entity.RoleDept.
2020-06-23 15:22:48,238 [main] WARN  [c.b.mybatisplus.core.metadata.TableInfoHelper] TableInfoHelper.java:296 - Warn: Could not find @TableId in Class: com.entfrm.biz.system.entity.RoleMenu.
2020-06-23 15:22:48,528 [main] WARN  [c.b.mybatisplus.core.metadata.TableInfoHelper] TableInfoHelper.java:296 - Warn: Could not find @TableId in Class: com.entfrm.biz.system.entity.UserRole.
2020-06-23 15:22:50,516 [main] INFO  [com.alibaba.druid.pool.DruidDataSource] DruidDataSource.java:1010 - {dataSource-1} inited
2020-06-23 15:22:50,551 [main] INFO  [org.quartz.impl.StdSchedulerFactory] StdSchedulerFactory.java:1208 - Using default implementation for ThreadExecutor
2020-06-23 15:22:50,552 [main] INFO  [org.quartz.core.SchedulerSignalerImpl] SchedulerSignalerImpl.java:61 - Initialized Scheduler Signaller of type: class org.quartz.core.SchedulerSignalerImpl
2020-06-23 15:22:50,553 [main] INFO  [org.quartz.core.QuartzScheduler] QuartzScheduler.java:229 - Quartz Scheduler v.2.3.1 created.
2020-06-23 15:22:50,553 [main] INFO  [org.quartz.simpl.RAMJobStore] RAMJobStore.java:155 - RAMJobStore initialized.
2020-06-23 15:22:50,554 [main] INFO  [org.quartz.core.QuartzScheduler] QuartzScheduler.java:294 - Scheduler meta-data: Quartz Scheduler (v2.3.1) 'quartzScheduler' with instanceId 'NON_CLUSTERED'
  Scheduler class: 'org.quartz.core.QuartzScheduler' - running locally.
  NOT STARTED.
  Currently in standby mode.
  Number of jobs executed: 0
  Using thread pool 'org.quartz.simpl.SimpleThreadPool' - with 10 threads.
  Using job-store 'org.quartz.simpl.RAMJobStore' - which does not support persistence. and is not clustered.

2020-06-23 15:22:50,554 [main] INFO  [org.quartz.impl.StdSchedulerFactory] StdSchedulerFactory.java:1362 - Quartz scheduler 'quartzScheduler' initialized from an externally provided properties instance.
2020-06-23 15:22:50,554 [main] INFO  [org.quartz.impl.StdSchedulerFactory] StdSchedulerFactory.java:1366 - Quartz scheduler version: 2.3.1
2020-06-23 15:22:50,555 [main] INFO  [org.quartz.core.QuartzScheduler] QuartzScheduler.java:2293 - JobFactory set to: com.entfrm.biz.quartz.config.AutowireCapableBeanJobFactory@54329480
2020-06-23 15:22:51,896 [main] INFO  [org.activiti.engine.impl.ProcessEngineImpl] ProcessEngineImpl.java:85 - ProcessEngine default created
2020-06-23 15:22:54,692 [main] DEBUG [com.entfrm.biz.quartz.mapper.JobMapper.selectList] BaseJdbcLogger.java:143 - ==>  Preparing: SELECT id,job_name,job_group,job_order,job_type,execute_path,params_value,cron_expression,misfire_policy,job_tenant_type,job_status,job_execute_status,start_time,previous_time,next_time,create_by,create_time,update_by,update_time,remarks,del_flag FROM sys_job WHERE del_flag='0' 
2020-06-23 15:22:54,700 [main] DEBUG [com.entfrm.biz.quartz.mapper.JobMapper.selectList] BaseJdbcLogger.java:143 - ==> Parameters: 
2020-06-23 15:22:54,708 [main] DEBUG [com.entfrm.biz.quartz.mapper.JobMapper.selectList] BaseJdbcLogger.java:143 - <==      Total: 2
2020-06-23 15:22:54,744 [main] INFO  [s.d.s.w.PropertySourcedRequestMappingHandlerMapping] PropertySourcedRequestMappingHandlerMapping.java:69 - Mapped URL path [/v2/api-docs] onto method [public org.springframework.http.ResponseEntity<springfox.documentation.spring.web.json.Json> springfox.documentation.swagger2.web.Swagger2Controller.getDocumentation(java.lang.String,javax.servlet.http.HttpServletRequest)]
2020-06-23 15:22:56,028 [main] INFO  [s.d.s.web.plugins.DocumentationPluginsBootstrapper] DocumentationPluginsBootstrapper.java:160 - Context refreshed
2020-06-23 15:22:56,088 [main] INFO  [s.d.s.web.plugins.DocumentationPluginsBootstrapper] DocumentationPluginsBootstrapper.java:163 - Found 1 custom documentation plugin(s)
2020-06-23 15:22:56,185 [main] INFO  [s.d.spring.web.scanners.ApiListingReferenceScanner] ApiListingReferenceScanner.java:41 - Scanning for api listing references
2020-06-23 15:22:56,460 [main] INFO  [s.d.s.w.r.operation.CachingOperationNameGenerator] CachingOperationNameGenerator.java:40 - Generating unique operation named: getByIdUsingGET_1
2020-06-23 15:22:56,467 [main] INFO  [s.d.s.w.r.operation.CachingOperationNameGenerator] CachingOperationNameGenerator.java:40 - Generating unique operation named: listUsingGET_1
2020-06-23 15:22:56,470 [main] INFO  [s.d.s.w.r.operation.CachingOperationNameGenerator] CachingOperationNameGenerator.java:40 - Generating unique operation named: removeUsingDELETE_1
2020-06-23 15:22:56,475 [main] INFO  [s.d.s.w.r.operation.CachingOperationNameGenerator] CachingOperationNameGenerator.java:40 - Generating unique operation named: saveUsingPOST_1
2020-06-23 15:22:56,477 [main] INFO  [s.d.s.w.r.operation.CachingOperationNameGenerator] CachingOperationNameGenerator.java:40 - Generating unique operation named: updateUsingPUT_1
2020-06-23 15:22:56,482 [main] INFO  [s.d.s.w.r.operation.CachingOperationNameGenerator] CachingOperationNameGenerator.java:40 - Generating unique operation named: getByIdUsingGET_2
2020-06-23 15:22:56,490 [main] INFO  [s.d.s.w.r.operation.CachingOperationNameGenerator] CachingOperationNameGenerator.java:40 - Generating unique operation named: listUsingGET_2
2020-06-23 15:22:56,493 [main] INFO  [s.d.s.w.r.operation.CachingOperationNameGenerator] CachingOperationNameGenerator.java:40 - Generating unique operation named: removeUsingDELETE_2
2020-06-23 15:22:56,499 [main] INFO  [s.d.s.w.r.operation.CachingOperationNameGenerator] CachingOperationNameGenerator.java:40 - Generating unique operation named: saveUsingPOST_2
2020-06-23 15:22:56,506 [main] INFO  [s.d.s.w.r.operation.CachingOperationNameGenerator] CachingOperationNameGenerator.java:40 - Generating unique operation named: updateUsingPUT_2
2020-06-23 15:22:56,567 [main] INFO  [org.quartz.core.QuartzScheduler] QuartzScheduler.java:547 - Scheduler quartzScheduler_$_NON_CLUSTERED started.
2020-06-23 15:22:56,594 [main] DEBUG [com.entfrm.auth.filter.CaptchaFilter] GenericFilterBean.java:241 - Filter 'captchaFilter' configured for use
2020-06-23 15:22:56,656 [main] INFO  [org.xnio] Xnio.java:104 - XNIO version 3.3.8.Final
2020-06-23 15:22:56,706 [main] INFO  [org.xnio.nio] NioXnio.java:55 - XNIO NIO Implementation Version 3.3.8.Final
2020-06-23 15:22:56,887 [main] INFO  [com.entfrm.web.WebApplication] StartupInfoLogger.java:59 - Started WebApplication in 24.568 seconds (JVM running for 27.63)
2020-06-23 15:23:06,471 [XNIO-1 task-1] INFO  [io.undertow.servlet] ServletContextImpl.java:364 - Initializing Spring DispatcherServlet 'dispatcherServlet'
2020-06-23 15:26:25,399 [XNIO-1 task-5] INFO  [io.lettuce.core.EpollProvider] EpollProvider.java:68 - Starting without optional epoll library
2020-06-23 15:26:25,401 [XNIO-1 task-5] INFO  [io.lettuce.core.KqueueProvider] KqueueProvider.java:70 - Starting without optional kqueue library
2020-06-23 15:26:31,428 [XNIO-1 task-6] INFO  [c.e.a.h.EntfrmAuthenticationSuccessEventHandler] EntfrmAuthenticationSuccessEventHandler.java:50 - 用户：com.entfrm.core.security.entity.EntfrmUser@b29dd856: Username: entfrm; Password: [PROTECTED]; Enabled: true; AccountNonExpired: true; credentialsNonExpired: true; AccountNonLocked: true; Granted Authorities: ROLE_1,apiinfo_add,apiinfo_del,apiinfo_edit,apiinfo_export,apiinfo_view,application_add,application_del,application_edit,application_export,application_view,article_add,article_del,article_edit,article_export,article_view,backup_add,backup_del,backup_restore,backup_view,category_add,category_del,category_edit,category_view,clientDetails_add,clientDetails_del,clientDetails_edit,clientDetails_view,config_add,config_del,config_edit,config_view,datasource_add,datasource_del,datasource_edit,datasource_view,datatable_add,datatable_config,datatable_del,datatable_edit,datatable_gen,datatable_view,dept_add,dept_del,dept_edit,dept_import,dept_view,dictData_add,dictData_del,dictData_edit,dictData_view,dict_add,dict_del,dict_edit,dict_view,fileInfo_add,fileInfo_del,fileInfo_edit,fileInfo_share,fileInfo_view,infoConfig_add,infoConfig_del,infoConfig_edit,infoConfig_export,infoConfig_view,jobLog_del,jobLog_view,job_add,job_del,job_edit,job_refresh,job_start,job_stop,job_view,leave_add,leave_del,leave_edit,leave_export,leave_view,loginLog_del,loginLog_export,loginLog_view,menu_add,menu_del,menu_edit,menu_view,model_add,model_del,model_deploy,model_design,model_view,operLog_del,operLog_export,operLog_view,process_change,process_del,process_img,process_view,role_add,role_data,role_del,role_edit,role_view,shortcut_add,shortcut_del,shortcut_edit,shortcut_view,task_check,task_comment,task_track,task_view,token_del,token_view,user_add,user_del,user_edit,user_export,user_import,user_reset,user_view 授权成功，url：/oauth/token
2020-06-23 15:26:31,559 [XNIO-1 task-7] INFO  [c.e.a.h.EntfrmAuthenticationSuccessEventHandler] EntfrmAuthenticationSuccessEventHandler.java:50 - 用户：com.entfrm.core.security.entity.EntfrmUser@b29dd856: Username: entfrm; Password: [PROTECTED]; Enabled: true; AccountNonExpired: true; credentialsNonExpired: true; AccountNonLocked: true; Granted Authorities: ROLE_1,apiinfo_add,apiinfo_del,apiinfo_edit,apiinfo_export,apiinfo_view,application_add,application_del,application_edit,application_export,application_view,article_add,article_del,article_edit,article_export,article_view,backup_add,backup_del,backup_restore,backup_view,category_add,category_del,category_edit,category_view,clientDetails_add,clientDetails_del,clientDetails_edit,clientDetails_view,config_add,config_del,config_edit,config_view,datasource_add,datasource_del,datasource_edit,datasource_view,datatable_add,datatable_config,datatable_del,datatable_edit,datatable_gen,datatable_view,dept_add,dept_del,dept_edit,dept_import,dept_view,dictData_add,dictData_del,dictData_edit,dictData_view,dict_add,dict_del,dict_edit,dict_view,fileInfo_add,fileInfo_del,fileInfo_edit,fileInfo_share,fileInfo_view,infoConfig_add,infoConfig_del,infoConfig_edit,infoConfig_export,infoConfig_view,jobLog_del,jobLog_view,job_add,job_del,job_edit,job_refresh,job_start,job_stop,job_view,leave_add,leave_del,leave_edit,leave_export,leave_view,loginLog_del,loginLog_export,loginLog_view,menu_add,menu_del,menu_edit,menu_view,model_add,model_del,model_deploy,model_design,model_view,operLog_del,operLog_export,operLog_view,process_change,process_del,process_img,process_view,role_add,role_data,role_del,role_edit,role_view,shortcut_add,shortcut_del,shortcut_edit,shortcut_view,task_check,task_comment,task_track,task_view,token_del,token_view,user_add,user_del,user_edit,user_export,user_import,user_reset,user_view 授权成功，url：/system/user/info
2020-06-23 15:26:31,586 [XNIO-1 task-7] DEBUG [com.entfrm.biz.system.mapper.UserMapper.selectOne] BaseJdbcLogger.java:143 - ==>  Preparing: SELECT id,user_name,password,nick_name,type,phone,sex,avatar,email,dept_id,dept_name,login_ip,login_time,status,create_by,create_time,update_by,update_time,remarks,del_flag FROM sys_user WHERE del_flag='0' AND (user_name = ?) 
2020-06-23 15:26:31,587 [XNIO-1 task-7] DEBUG [com.entfrm.biz.system.mapper.UserMapper.selectOne] BaseJdbcLogger.java:143 - ==> Parameters: entfrm(String)
2020-06-23 15:26:31,598 [XNIO-1 task-7] DEBUG [com.entfrm.biz.system.mapper.UserMapper.selectOne] BaseJdbcLogger.java:143 - <==      Total: 1
2020-06-23 15:26:31,642 [primaryTaskExecutor-1] INFO  [c.e.a.h.EntfrmAuthenticationSuccessEventHandler] EntfrmAuthenticationSuccessEventHandler.java:62 - 执行结果：1
2020-06-23 15:26:31,669 [XNIO-1 task-8] INFO  [c.e.a.h.EntfrmAuthenticationSuccessEventHandler] EntfrmAuthenticationSuccessEventHandler.java:50 - 用户：com.entfrm.core.security.entity.EntfrmUser@b29dd856: Username: entfrm; Password: [PROTECTED]; Enabled: true; AccountNonExpired: true; credentialsNonExpired: true; AccountNonLocked: true; Granted Authorities: ROLE_1,apiinfo_add,apiinfo_del,apiinfo_edit,apiinfo_export,apiinfo_view,application_add,application_del,application_edit,application_export,application_view,article_add,article_del,article_edit,article_export,article_view,backup_add,backup_del,backup_restore,backup_view,category_add,category_del,category_edit,category_view,clientDetails_add,clientDetails_del,clientDetails_edit,clientDetails_view,config_add,config_del,config_edit,config_view,datasource_add,datasource_del,datasource_edit,datasource_view,datatable_add,datatable_config,datatable_del,datatable_edit,datatable_gen,datatable_view,dept_add,dept_del,dept_edit,dept_import,dept_view,dictData_add,dictData_del,dictData_edit,dictData_view,dict_add,dict_del,dict_edit,dict_view,fileInfo_add,fileInfo_del,fileInfo_edit,fileInfo_share,fileInfo_view,infoConfig_add,infoConfig_del,infoConfig_edit,infoConfig_export,infoConfig_view,jobLog_del,jobLog_view,job_add,job_del,job_edit,job_refresh,job_start,job_stop,job_view,leave_add,leave_del,leave_edit,leave_export,leave_view,loginLog_del,loginLog_export,loginLog_view,menu_add,menu_del,menu_edit,menu_view,model_add,model_del,model_deploy,model_design,model_view,operLog_del,operLog_export,operLog_view,process_change,process_del,process_img,process_view,role_add,role_data,role_del,role_edit,role_view,shortcut_add,shortcut_del,shortcut_edit,shortcut_view,task_check,task_comment,task_track,task_view,token_del,token_view,user_add,user_del,user_edit,user_export,user_import,user_reset,user_view 授权成功，url：/system/menu
2020-06-23 15:26:31,701 [XNIO-1 task-8] DEBUG [c.e.b.s.mapper.MenuMapper.selectMenuListByRoleId] BaseJdbcLogger.java:143 - ==>  Preparing: SELECT m.* FROM sys_menu m LEFT JOIN sys_role_menu rm ON m.id = rm.menu_id WHERE m.del_flag = 0 and m.type in ('M', 'C') AND rm.role_id = ? ORDER BY m.parent_id, m.sort 
2020-06-23 15:26:31,702 [XNIO-1 task-8] DEBUG [c.e.b.s.mapper.MenuMapper.selectMenuListByRoleId] BaseJdbcLogger.java:143 - ==> Parameters: 1(Integer)
2020-06-23 15:26:31,737 [XNIO-1 task-8] DEBUG [c.e.b.s.mapper.MenuMapper.selectMenuListByRoleId] BaseJdbcLogger.java:143 - <==      Total: 39
2020-06-23 15:26:32,846 [XNIO-1 task-10] INFO  [c.e.a.h.EntfrmAuthenticationSuccessEventHandler] EntfrmAuthenticationSuccessEventHandler.java:50 - 用户：com.entfrm.core.security.entity.EntfrmUser@b29dd856: Username: entfrm; Password: [PROTECTED]; Enabled: true; AccountNonExpired: true; credentialsNonExpired: true; AccountNonLocked: true; Granted Authorities: ROLE_1,apiinfo_add,apiinfo_del,apiinfo_edit,apiinfo_export,apiinfo_view,application_add,application_del,application_edit,application_export,application_view,article_add,article_del,article_edit,article_export,article_view,backup_add,backup_del,backup_restore,backup_view,category_add,category_del,category_edit,category_view,clientDetails_add,clientDetails_del,clientDetails_edit,clientDetails_view,config_add,config_del,config_edit,config_view,datasource_add,datasource_del,datasource_edit,datasource_view,datatable_add,datatable_config,datatable_del,datatable_edit,datatable_gen,datatable_view,dept_add,dept_del,dept_edit,dept_import,dept_view,dictData_add,dictData_del,dictData_edit,dictData_view,dict_add,dict_del,dict_edit,dict_view,fileInfo_add,fileInfo_del,fileInfo_edit,fileInfo_share,fileInfo_view,infoConfig_add,infoConfig_del,infoConfig_edit,infoConfig_export,infoConfig_view,jobLog_del,jobLog_view,job_add,job_del,job_edit,job_refresh,job_start,job_stop,job_view,leave_add,leave_del,leave_edit,leave_export,leave_view,loginLog_del,loginLog_export,loginLog_view,menu_add,menu_del,menu_edit,menu_view,model_add,model_del,model_deploy,model_design,model_view,operLog_del,operLog_export,operLog_view,process_change,process_del,process_img,process_view,role_add,role_data,role_del,role_edit,role_view,shortcut_add,shortcut_del,shortcut_edit,shortcut_view,task_check,task_comment,task_track,task_view,token_del,token_view,user_add,user_del,user_edit,user_export,user_import,user_reset,user_view 授权成功，url：/system/shortcut/shortcutList
2020-06-23 15:26:32,931 [XNIO-1 task-10] DEBUG [c.e.biz.system.mapper.ShortcutMapper.selectList] BaseJdbcLogger.java:143 - ==>  Preparing: SELECT id,name,region,icon,bg_color,path,sort,create_by,create_time,update_by,update_time,remarks,del_flag FROM sys_shortcut WHERE del_flag='0' ORDER BY sort ASC 
2020-06-23 15:26:32,933 [XNIO-1 task-10] DEBUG [c.e.biz.system.mapper.ShortcutMapper.selectList] BaseJdbcLogger.java:143 - ==> Parameters: 
2020-06-23 15:26:32,959 [XNIO-1 task-10] DEBUG [c.e.biz.system.mapper.ShortcutMapper.selectList] BaseJdbcLogger.java:143 - <==      Total: 2
2020-06-23 15:26:44,363 [XNIO-1 task-11] INFO  [c.e.a.h.EntfrmAuthenticationSuccessEventHandler] EntfrmAuthenticationSuccessEventHandler.java:50 - 用户：com.entfrm.core.security.entity.EntfrmUser@b29dd856: Username: entfrm; Password: [PROTECTED]; Enabled: true; AccountNonExpired: true; credentialsNonExpired: true; AccountNonLocked: true; Granted Authorities: ROLE_1,apiinfo_add,apiinfo_del,apiinfo_edit,apiinfo_export,apiinfo_view,application_add,application_del,application_edit,application_export,application_view,article_add,article_del,article_edit,article_export,article_view,backup_add,backup_del,backup_restore,backup_view,category_add,category_del,category_edit,category_view,clientDetails_add,clientDetails_del,clientDetails_edit,clientDetails_view,config_add,config_del,config_edit,config_view,datasource_add,datasource_del,datasource_edit,datasource_view,datatable_add,datatable_config,datatable_del,datatable_edit,datatable_gen,datatable_view,dept_add,dept_del,dept_edit,dept_import,dept_view,dictData_add,dictData_del,dictData_edit,dictData_view,dict_add,dict_del,dict_edit,dict_view,fileInfo_add,fileInfo_del,fileInfo_edit,fileInfo_share,fileInfo_view,infoConfig_add,infoConfig_del,infoConfig_edit,infoConfig_export,infoConfig_view,jobLog_del,jobLog_view,job_add,job_del,job_edit,job_refresh,job_start,job_stop,job_view,leave_add,leave_del,leave_edit,leave_export,leave_view,loginLog_del,loginLog_export,loginLog_view,menu_add,menu_del,menu_edit,menu_view,model_add,model_del,model_deploy,model_design,model_view,operLog_del,operLog_export,operLog_view,process_change,process_del,process_img,process_view,role_add,role_data,role_del,role_edit,role_view,shortcut_add,shortcut_del,shortcut_edit,shortcut_view,task_check,task_comment,task_track,task_view,token_del,token_view,user_add,user_del,user_edit,user_export,user_import,user_reset,user_view 授权成功，url：/token/logout
2020-06-23 15:26:44,400 [primaryTaskExecutor-1] INFO  [c.e.a.h.EntfrmAuthenticationSuccessEventHandler] EntfrmAuthenticationSuccessEventHandler.java:62 - 执行结果：1
2020-06-23 15:26:53,353 [XNIO-1 task-13] INFO  [c.e.a.h.EntfrmAuthenticationSuccessEventHandler] EntfrmAuthenticationSuccessEventHandler.java:50 - 用户：com.entfrm.core.security.entity.EntfrmUser@b29dd856: Username: entfrm; Password: [PROTECTED]; Enabled: true; AccountNonExpired: true; credentialsNonExpired: true; AccountNonLocked: true; Granted Authorities: ROLE_1,apiinfo_add,apiinfo_del,apiinfo_edit,apiinfo_export,apiinfo_view,application_add,application_del,application_edit,application_export,application_view,article_add,article_del,article_edit,article_export,article_view,backup_add,backup_del,backup_restore,backup_view,category_add,category_del,category_edit,category_view,clientDetails_add,clientDetails_del,clientDetails_edit,clientDetails_view,config_add,config_del,config_edit,config_view,datasource_add,datasource_del,datasource_edit,datasource_view,datatable_add,datatable_config,datatable_del,datatable_edit,datatable_gen,datatable_view,dept_add,dept_del,dept_edit,dept_import,dept_view,dictData_add,dictData_del,dictData_edit,dictData_view,dict_add,dict_del,dict_edit,dict_view,fileInfo_add,fileInfo_del,fileInfo_edit,fileInfo_share,fileInfo_view,infoConfig_add,infoConfig_del,infoConfig_edit,infoConfig_export,infoConfig_view,jobLog_del,jobLog_view,job_add,job_del,job_edit,job_refresh,job_start,job_stop,job_view,leave_add,leave_del,leave_edit,leave_export,leave_view,loginLog_del,loginLog_export,loginLog_view,menu_add,menu_del,menu_edit,menu_view,model_add,model_del,model_deploy,model_design,model_view,operLog_del,operLog_export,operLog_view,process_change,process_del,process_img,process_view,role_add,role_data,role_del,role_edit,role_view,shortcut_add,shortcut_del,shortcut_edit,shortcut_view,task_check,task_comment,task_track,task_view,token_del,token_view,user_add,user_del,user_edit,user_export,user_import,user_reset,user_view 授权成功，url：/oauth/token
2020-06-23 15:26:53,380 [XNIO-1 task-14] INFO  [c.e.a.h.EntfrmAuthenticationSuccessEventHandler] EntfrmAuthenticationSuccessEventHandler.java:50 - 用户：com.entfrm.core.security.entity.EntfrmUser@b29dd856: Username: entfrm; Password: [PROTECTED]; Enabled: true; AccountNonExpired: true; credentialsNonExpired: true; AccountNonLocked: true; Granted Authorities: ROLE_1,apiinfo_add,apiinfo_del,apiinfo_edit,apiinfo_export,apiinfo_view,application_add,application_del,application_edit,application_export,application_view,article_add,article_del,article_edit,article_export,article_view,backup_add,backup_del,backup_restore,backup_view,category_add,category_del,category_edit,category_view,clientDetails_add,clientDetails_del,clientDetails_edit,clientDetails_view,config_add,config_del,config_edit,config_view,datasource_add,datasource_del,datasource_edit,datasource_view,datatable_add,datatable_config,datatable_del,datatable_edit,datatable_gen,datatable_view,dept_add,dept_del,dept_edit,dept_import,dept_view,dictData_add,dictData_del,dictData_edit,dictData_view,dict_add,dict_del,dict_edit,dict_view,fileInfo_add,fileInfo_del,fileInfo_edit,fileInfo_share,fileInfo_view,infoConfig_add,infoConfig_del,infoConfig_edit,infoConfig_export,infoConfig_view,jobLog_del,jobLog_view,job_add,job_del,job_edit,job_refresh,job_start,job_stop,job_view,leave_add,leave_del,leave_edit,leave_export,leave_view,loginLog_del,loginLog_export,loginLog_view,menu_add,menu_del,menu_edit,menu_view,model_add,model_del,model_deploy,model_design,model_view,operLog_del,operLog_export,operLog_view,process_change,process_del,process_img,process_view,role_add,role_data,role_del,role_edit,role_view,shortcut_add,shortcut_del,shortcut_edit,shortcut_view,task_check,task_comment,task_track,task_view,token_del,token_view,user_add,user_del,user_edit,user_export,user_import,user_reset,user_view 授权成功，url：/system/user/info
2020-06-23 15:26:53,383 [XNIO-1 task-14] DEBUG [com.entfrm.biz.system.mapper.UserMapper.selectOne] BaseJdbcLogger.java:143 - ==>  Preparing: SELECT id,user_name,password,nick_name,type,phone,sex,avatar,email,dept_id,dept_name,login_ip,login_time,status,create_by,create_time,update_by,update_time,remarks,del_flag FROM sys_user WHERE del_flag='0' AND (user_name = ?) 
2020-06-23 15:26:53,385 [XNIO-1 task-14] DEBUG [com.entfrm.biz.system.mapper.UserMapper.selectOne] BaseJdbcLogger.java:143 - ==> Parameters: entfrm(String)
2020-06-23 15:26:53,389 [XNIO-1 task-14] DEBUG [com.entfrm.biz.system.mapper.UserMapper.selectOne] BaseJdbcLogger.java:143 - <==      Total: 1
2020-06-23 15:26:53,426 [primaryTaskExecutor-1] INFO  [c.e.a.h.EntfrmAuthenticationSuccessEventHandler] EntfrmAuthenticationSuccessEventHandler.java:62 - 执行结果：1
2020-06-23 15:26:53,714 [XNIO-1 task-15] INFO  [c.e.a.h.EntfrmAuthenticationSuccessEventHandler] EntfrmAuthenticationSuccessEventHandler.java:50 - 用户：com.entfrm.core.security.entity.EntfrmUser@b29dd856: Username: entfrm; Password: [PROTECTED]; Enabled: true; AccountNonExpired: true; credentialsNonExpired: true; AccountNonLocked: true; Granted Authorities: ROLE_1,apiinfo_add,apiinfo_del,apiinfo_edit,apiinfo_export,apiinfo_view,application_add,application_del,application_edit,application_export,application_view,article_add,article_del,article_edit,article_export,article_view,backup_add,backup_del,backup_restore,backup_view,category_add,category_del,category_edit,category_view,clientDetails_add,clientDetails_del,clientDetails_edit,clientDetails_view,config_add,config_del,config_edit,config_view,datasource_add,datasource_del,datasource_edit,datasource_view,datatable_add,datatable_config,datatable_del,datatable_edit,datatable_gen,datatable_view,dept_add,dept_del,dept_edit,dept_import,dept_view,dictData_add,dictData_del,dictData_edit,dictData_view,dict_add,dict_del,dict_edit,dict_view,fileInfo_add,fileInfo_del,fileInfo_edit,fileInfo_share,fileInfo_view,infoConfig_add,infoConfig_del,infoConfig_edit,infoConfig_export,infoConfig_view,jobLog_del,jobLog_view,job_add,job_del,job_edit,job_refresh,job_start,job_stop,job_view,leave_add,leave_del,leave_edit,leave_export,leave_view,loginLog_del,loginLog_export,loginLog_view,menu_add,menu_del,menu_edit,menu_view,model_add,model_del,model_deploy,model_design,model_view,operLog_del,operLog_export,operLog_view,process_change,process_del,process_img,process_view,role_add,role_data,role_del,role_edit,role_view,shortcut_add,shortcut_del,shortcut_edit,shortcut_view,task_check,task_comment,task_track,task_view,token_del,token_view,user_add,user_del,user_edit,user_export,user_import,user_reset,user_view 授权成功，url：/system/menu
2020-06-23 15:26:53,716 [XNIO-1 task-15] DEBUG [c.e.b.s.mapper.MenuMapper.selectMenuListByRoleId] BaseJdbcLogger.java:143 - ==>  Preparing: SELECT m.* FROM sys_menu m LEFT JOIN sys_role_menu rm ON m.id = rm.menu_id WHERE m.del_flag = 0 and m.type in ('M', 'C') AND rm.role_id = ? ORDER BY m.parent_id, m.sort 
2020-06-23 15:26:53,719 [XNIO-1 task-15] DEBUG [c.e.b.s.mapper.MenuMapper.selectMenuListByRoleId] BaseJdbcLogger.java:143 - ==> Parameters: 1(Integer)
2020-06-23 15:26:53,731 [XNIO-1 task-15] DEBUG [c.e.b.s.mapper.MenuMapper.selectMenuListByRoleId] BaseJdbcLogger.java:143 - <==      Total: 39
2020-06-23 15:26:54,675 [XNIO-1 task-17] INFO  [c.e.a.h.EntfrmAuthenticationSuccessEventHandler] EntfrmAuthenticationSuccessEventHandler.java:50 - 用户：com.entfrm.core.security.entity.EntfrmUser@b29dd856: Username: entfrm; Password: [PROTECTED]; Enabled: true; AccountNonExpired: true; credentialsNonExpired: true; AccountNonLocked: true; Granted Authorities: ROLE_1,apiinfo_add,apiinfo_del,apiinfo_edit,apiinfo_export,apiinfo_view,application_add,application_del,application_edit,application_export,application_view,article_add,article_del,article_edit,article_export,article_view,backup_add,backup_del,backup_restore,backup_view,category_add,category_del,category_edit,category_view,clientDetails_add,clientDetails_del,clientDetails_edit,clientDetails_view,config_add,config_del,config_edit,config_view,datasource_add,datasource_del,datasource_edit,datasource_view,datatable_add,datatable_config,datatable_del,datatable_edit,datatable_gen,datatable_view,dept_add,dept_del,dept_edit,dept_import,dept_view,dictData_add,dictData_del,dictData_edit,dictData_view,dict_add,dict_del,dict_edit,dict_view,fileInfo_add,fileInfo_del,fileInfo_edit,fileInfo_share,fileInfo_view,infoConfig_add,infoConfig_del,infoConfig_edit,infoConfig_export,infoConfig_view,jobLog_del,jobLog_view,job_add,job_del,job_edit,job_refresh,job_start,job_stop,job_view,leave_add,leave_del,leave_edit,leave_export,leave_view,loginLog_del,loginLog_export,loginLog_view,menu_add,menu_del,menu_edit,menu_view,model_add,model_del,model_deploy,model_design,model_view,operLog_del,operLog_export,operLog_view,process_change,process_del,process_img,process_view,role_add,role_data,role_del,role_edit,role_view,shortcut_add,shortcut_del,shortcut_edit,shortcut_view,task_check,task_comment,task_track,task_view,token_del,token_view,user_add,user_del,user_edit,user_export,user_import,user_reset,user_view 授权成功，url：/system/shortcut/shortcutList
2020-06-23 15:26:54,680 [XNIO-1 task-17] DEBUG [c.e.biz.system.mapper.ShortcutMapper.selectList] BaseJdbcLogger.java:143 - ==>  Preparing: SELECT id,name,region,icon,bg_color,path,sort,create_by,create_time,update_by,update_time,remarks,del_flag FROM sys_shortcut WHERE del_flag='0' ORDER BY sort ASC 
2020-06-23 15:26:54,681 [XNIO-1 task-17] DEBUG [c.e.biz.system.mapper.ShortcutMapper.selectList] BaseJdbcLogger.java:143 - ==> Parameters: 
2020-06-23 15:26:54,683 [XNIO-1 task-17] DEBUG [c.e.biz.system.mapper.ShortcutMapper.selectList] BaseJdbcLogger.java:143 - <==      Total: 2
2020-06-23 15:27:36,736 [XNIO-1 task-18] INFO  [c.e.a.h.EntfrmAuthenticationSuccessEventHandler] EntfrmAuthenticationSuccessEventHandler.java:50 - 用户：com.entfrm.core.security.entity.EntfrmUser@b29dd856: Username: entfrm; Password: [PROTECTED]; Enabled: true; AccountNonExpired: true; credentialsNonExpired: true; AccountNonLocked: true; Granted Authorities: ROLE_1,apiinfo_add,apiinfo_del,apiinfo_edit,apiinfo_export,apiinfo_view,application_add,application_del,application_edit,application_export,application_view,article_add,article_del,article_edit,article_export,article_view,backup_add,backup_del,backup_restore,backup_view,category_add,category_del,category_edit,category_view,clientDetails_add,clientDetails_del,clientDetails_edit,clientDetails_view,config_add,config_del,config_edit,config_view,datasource_add,datasource_del,datasource_edit,datasource_view,datatable_add,datatable_config,datatable_del,datatable_edit,datatable_gen,datatable_view,dept_add,dept_del,dept_edit,dept_import,dept_view,dictData_add,dictData_del,dictData_edit,dictData_view,dict_add,dict_del,dict_edit,dict_view,fileInfo_add,fileInfo_del,fileInfo_edit,fileInfo_share,fileInfo_view,infoConfig_add,infoConfig_del,infoConfig_edit,infoConfig_export,infoConfig_view,jobLog_del,jobLog_view,job_add,job_del,job_edit,job_refresh,job_start,job_stop,job_view,leave_add,leave_del,leave_edit,leave_export,leave_view,loginLog_del,loginLog_export,loginLog_view,menu_add,menu_del,menu_edit,menu_view,model_add,model_del,model_deploy,model_design,model_view,operLog_del,operLog_export,operLog_view,process_change,process_del,process_img,process_view,role_add,role_data,role_del,role_edit,role_view,shortcut_add,shortcut_del,shortcut_edit,shortcut_view,task_check,task_comment,task_track,task_view,token_del,token_view,user_add,user_del,user_edit,user_export,user_import,user_reset,user_view 授权成功，url：/test1/test2
2020-06-23 15:27:47,593 [XNIO-1 task-19] INFO  [c.e.a.h.EntfrmAuthenticationSuccessEventHandler] EntfrmAuthenticationSuccessEventHandler.java:50 - 用户：com.entfrm.core.security.entity.EntfrmUser@b29dd856: Username: entfrm; Password: [PROTECTED]; Enabled: true; AccountNonExpired: true; credentialsNonExpired: true; AccountNonLocked: true; Granted Authorities: ROLE_1,apiinfo_add,apiinfo_del,apiinfo_edit,apiinfo_export,apiinfo_view,application_add,application_del,application_edit,application_export,application_view,article_add,article_del,article_edit,article_export,article_view,backup_add,backup_del,backup_restore,backup_view,category_add,category_del,category_edit,category_view,clientDetails_add,clientDetails_del,clientDetails_edit,clientDetails_view,config_add,config_del,config_edit,config_view,datasource_add,datasource_del,datasource_edit,datasource_view,datatable_add,datatable_config,datatable_del,datatable_edit,datatable_gen,datatable_view,dept_add,dept_del,dept_edit,dept_import,dept_view,dictData_add,dictData_del,dictData_edit,dictData_view,dict_add,dict_del,dict_edit,dict_view,fileInfo_add,fileInfo_del,fileInfo_edit,fileInfo_share,fileInfo_view,infoConfig_add,infoConfig_del,infoConfig_edit,infoConfig_export,infoConfig_view,jobLog_del,jobLog_view,job_add,job_del,job_edit,job_refresh,job_start,job_stop,job_view,leave_add,leave_del,leave_edit,leave_export,leave_view,loginLog_del,loginLog_export,loginLog_view,menu_add,menu_del,menu_edit,menu_view,model_add,model_del,model_deploy,model_design,model_view,operLog_del,operLog_export,operLog_view,process_change,process_del,process_img,process_view,role_add,role_data,role_del,role_edit,role_view,shortcut_add,shortcut_del,shortcut_edit,shortcut_view,task_check,task_comment,task_track,task_view,token_del,token_view,user_add,user_del,user_edit,user_export,user_import,user_reset,user_view 授权成功，url：/test1/test
2020-06-23 15:27:47,655 [XNIO-1 task-19] ERROR [io.undertow.request] LoggingExceptionHandler.java:80 - UT005023: Exception handling request to /error
java.lang.RuntimeException: java.lang.NullPointerException
	at io.undertow.servlet.spec.RequestDispatcherImpl.error(RequestDispatcherImpl.java:507)
	at io.undertow.servlet.spec.RequestDispatcherImpl.error(RequestDispatcherImpl.java:419)
	at io.undertow.servlet.spec.HttpServletResponseImpl.doErrorDispatch(HttpServletResponseImpl.java:164)
	at io.undertow.servlet.handlers.ServletInitialHandler.handleFirstRequest(ServletInitialHandler.java:299)
	at io.undertow.servlet.handlers.ServletInitialHandler.access$100(ServletInitialHandler.java:81)
	at io.undertow.servlet.handlers.ServletInitialHandler$2.call(ServletInitialHandler.java:138)
	at io.undertow.servlet.handlers.ServletInitialHandler$2.call(ServletInitialHandler.java:135)
	at io.undertow.servlet.core.ServletRequestContextThreadSetupAction$1.call(ServletRequestContextThreadSetupAction.java:48)
	at io.undertow.servlet.core.ContextClassLoaderSetupAction$1.call(ContextClassLoaderSetupAction.java:43)
	at io.undertow.servlet.handlers.ServletInitialHandler.dispatchRequest(ServletInitialHandler.java:272)
	at io.undertow.servlet.handlers.ServletInitialHandler.access$000(ServletInitialHandler.java:81)
	at io.undertow.servlet.handlers.ServletInitialHandler$1.handleRequest(ServletInitialHandler.java:104)
	at io.undertow.server.Connectors.executeRootHandler(Connectors.java:364)
	at io.undertow.server.HttpServerExchange$1.run(HttpServerExchange.java:830)
	at java.util.concurrent.ThreadPoolExecutor.runWorker(ThreadPoolExecutor.java:1149)
	at java.util.concurrent.ThreadPoolExecutor$Worker.run(ThreadPoolExecutor.java:624)
	at java.lang.Thread.run(Thread.java:748)
Caused by: java.lang.NullPointerException: null
	at com.entfrm.core.security.handler.AbstractAuthenticationSuccessEventHandler.onApplicationEvent(AbstractAuthenticationSuccessEventHandler.java:29)
	at com.entfrm.core.security.handler.AbstractAuthenticationSuccessEventHandler.onApplicationEvent(AbstractAuthenticationSuccessEventHandler.java:18)
	at org.springframework.context.event.SimpleApplicationEventMulticaster.doInvokeListener(SimpleApplicationEventMulticaster.java:172)
	at org.springframework.context.event.SimpleApplicationEventMulticaster.invokeListener(SimpleApplicationEventMulticaster.java:165)
	at org.springframework.context.event.SimpleApplicationEventMulticaster.multicastEvent(SimpleApplicationEventMulticaster.java:139)
	at org.springframework.context.support.AbstractApplicationContext.publishEvent(AbstractApplicationContext.java:402)
	at org.springframework.context.support.AbstractApplicationContext.publishEvent(AbstractApplicationContext.java:359)
	at org.springframework.security.authentication.DefaultAuthenticationEventPublisher.publishAuthenticationSuccess(DefaultAuthenticationEventPublisher.java:99)
	at org.springframework.security.oauth2.provider.authentication.OAuth2AuthenticationProcessingFilter.doFilter(OAuth2AuthenticationProcessingFilter.java:156)
	at org.springframework.security.web.FilterChainProxy$VirtualFilterChain.doFilter(FilterChainProxy.java:334)
	at org.springframework.security.web.authentication.logout.LogoutFilter.doFilter(LogoutFilter.java:116)
	at org.springframework.security.web.FilterChainProxy$VirtualFilterChain.doFilter(FilterChainProxy.java:334)
	at org.springframework.web.filter.OncePerRequestFilter.doFilter(OncePerRequestFilter.java:101)
	at org.springframework.security.web.FilterChainProxy$VirtualFilterChain.doFilter(FilterChainProxy.java:334)
	at org.springframework.security.web.context.SecurityContextPersistenceFilter.doFilter(SecurityContextPersistenceFilter.java:105)
	at org.springframework.security.web.FilterChainProxy$VirtualFilterChain.doFilter(FilterChainProxy.java:334)
	at org.springframework.web.filter.OncePerRequestFilter.doFilter(OncePerRequestFilter.java:101)
	at org.springframework.security.web.FilterChainProxy$VirtualFilterChain.doFilter(FilterChainProxy.java:334)
	at org.springframework.security.web.FilterChainProxy.doFilterInternal(FilterChainProxy.java:215)
	at org.springframework.security.web.FilterChainProxy.doFilter(FilterChainProxy.java:178)
	at org.springframework.web.filter.DelegatingFilterProxy.invokeDelegate(DelegatingFilterProxy.java:357)
	at org.springframework.web.filter.DelegatingFilterProxy.doFilter(DelegatingFilterProxy.java:270)
	at io.undertow.servlet.core.ManagedFilter.doFilter(ManagedFilter.java:61)
	at io.undertow.servlet.handlers.FilterHandler$FilterChainImpl.doFilter(FilterHandler.java:131)
	at io.undertow.servlet.handlers.FilterHandler.handleRequest(FilterHandler.java:84)
	at io.undertow.servlet.handlers.security.ServletSecurityRoleHandler.handleRequest(ServletSecurityRoleHandler.java:62)
	at io.undertow.servlet.handlers.ServletChain$1.handleRequest(ServletChain.java:68)
	at io.undertow.servlet.handlers.ServletDispatchingHandler.handleRequest(ServletDispatchingHandler.java:36)
	at io.undertow.server.handlers.PredicateHandler.handleRequest(PredicateHandler.java:43)
	at io.undertow.server.handlers.PredicateHandler.handleRequest(PredicateHandler.java:43)
	at io.undertow.servlet.handlers.ServletInitialHandler.dispatchRequest(ServletInitialHandler.java:274)
	at io.undertow.servlet.handlers.ServletInitialHandler.dispatchToPath(ServletInitialHandler.java:209)
	at io.undertow.servlet.spec.RequestDispatcherImpl.error(RequestDispatcherImpl.java:501)
	... 16 common frames omitted
2020-06-23 15:27:47,658 [XNIO-1 task-19] ERROR [io.undertow.servlet.request] RequestDispatcherImpl.java:435 - UT015012: Failed to generate error page /error for original exception: null. Generating error page resulted in a 500.
java.lang.RuntimeException: java.lang.NullPointerException
	at io.undertow.servlet.spec.RequestDispatcherImpl.error(RequestDispatcherImpl.java:507)
	at io.undertow.servlet.spec.RequestDispatcherImpl.error(RequestDispatcherImpl.java:419)
	at io.undertow.servlet.spec.HttpServletResponseImpl.doErrorDispatch(HttpServletResponseImpl.java:164)
	at io.undertow.servlet.handlers.ServletInitialHandler.handleFirstRequest(ServletInitialHandler.java:299)
	at io.undertow.servlet.handlers.ServletInitialHandler.access$100(ServletInitialHandler.java:81)
	at io.undertow.servlet.handlers.ServletInitialHandler$2.call(ServletInitialHandler.java:138)
	at io.undertow.servlet.handlers.ServletInitialHandler$2.call(ServletInitialHandler.java:135)
	at io.undertow.servlet.core.ServletRequestContextThreadSetupAction$1.call(ServletRequestContextThreadSetupAction.java:48)
	at io.undertow.servlet.core.ContextClassLoaderSetupAction$1.call(ContextClassLoaderSetupAction.java:43)
	at io.undertow.servlet.handlers.ServletInitialHandler.dispatchRequest(ServletInitialHandler.java:272)
	at io.undertow.servlet.handlers.ServletInitialHandler.access$000(ServletInitialHandler.java:81)
	at io.undertow.servlet.handlers.ServletInitialHandler$1.handleRequest(ServletInitialHandler.java:104)
	at io.undertow.server.Connectors.executeRootHandler(Connectors.java:364)
	at io.undertow.server.HttpServerExchange$1.run(HttpServerExchange.java:830)
	at java.util.concurrent.ThreadPoolExecutor.runWorker(ThreadPoolExecutor.java:1149)
	at java.util.concurrent.ThreadPoolExecutor$Worker.run(ThreadPoolExecutor.java:624)
	at java.lang.Thread.run(Thread.java:748)
Caused by: java.lang.NullPointerException: null
	at com.entfrm.core.security.handler.AbstractAuthenticationSuccessEventHandler.onApplicationEvent(AbstractAuthenticationSuccessEventHandler.java:29)
	at com.entfrm.core.security.handler.AbstractAuthenticationSuccessEventHandler.onApplicationEvent(AbstractAuthenticationSuccessEventHandler.java:18)
	at org.springframework.context.event.SimpleApplicationEventMulticaster.doInvokeListener(SimpleApplicationEventMulticaster.java:172)
	at org.springframework.context.event.SimpleApplicationEventMulticaster.invokeListener(SimpleApplicationEventMulticaster.java:165)
	at org.springframework.context.event.SimpleApplicationEventMulticaster.multicastEvent(SimpleApplicationEventMulticaster.java:139)
	at org.springframework.context.support.AbstractApplicationContext.publishEvent(AbstractApplicationContext.java:402)
	at org.springframework.context.support.AbstractApplicationContext.publishEvent(AbstractApplicationContext.java:359)
	at org.springframework.security.authentication.DefaultAuthenticationEventPublisher.publishAuthenticationSuccess(DefaultAuthenticationEventPublisher.java:99)
	at org.springframework.security.oauth2.provider.authentication.OAuth2AuthenticationProcessingFilter.doFilter(OAuth2AuthenticationProcessingFilter.java:156)
	at org.springframework.security.web.FilterChainProxy$VirtualFilterChain.doFilter(FilterChainProxy.java:334)
	at org.springframework.security.web.authentication.logout.LogoutFilter.doFilter(LogoutFilter.java:116)
	at org.springframework.security.web.FilterChainProxy$VirtualFilterChain.doFilter(FilterChainProxy.java:334)
	at org.springframework.web.filter.OncePerRequestFilter.doFilter(OncePerRequestFilter.java:101)
	at org.springframework.security.web.FilterChainProxy$VirtualFilterChain.doFilter(FilterChainProxy.java:334)
	at org.springframework.security.web.context.SecurityContextPersistenceFilter.doFilter(SecurityContextPersistenceFilter.java:105)
	at org.springframework.security.web.FilterChainProxy$VirtualFilterChain.doFilter(FilterChainProxy.java:334)
	at org.springframework.web.filter.OncePerRequestFilter.doFilter(OncePerRequestFilter.java:101)
	at org.springframework.security.web.FilterChainProxy$VirtualFilterChain.doFilter(FilterChainProxy.java:334)
	at org.springframework.security.web.FilterChainProxy.doFilterInternal(FilterChainProxy.java:215)
	at org.springframework.security.web.FilterChainProxy.doFilter(FilterChainProxy.java:178)
	at org.springframework.web.filter.DelegatingFilterProxy.invokeDelegate(DelegatingFilterProxy.java:357)
	at org.springframework.web.filter.DelegatingFilterProxy.doFilter(DelegatingFilterProxy.java:270)
	at io.undertow.servlet.core.ManagedFilter.doFilter(ManagedFilter.java:61)
	at io.undertow.servlet.handlers.FilterHandler$FilterChainImpl.doFilter(FilterHandler.java:131)
	at io.undertow.servlet.handlers.FilterHandler.handleRequest(FilterHandler.java:84)
	at io.undertow.servlet.handlers.security.ServletSecurityRoleHandler.handleRequest(ServletSecurityRoleHandler.java:62)
	at io.undertow.servlet.handlers.ServletChain$1.handleRequest(ServletChain.java:68)
	at io.undertow.servlet.handlers.ServletDispatchingHandler.handleRequest(ServletDispatchingHandler.java:36)
	at io.undertow.server.handlers.PredicateHandler.handleRequest(PredicateHandler.java:43)
	at io.undertow.server.handlers.PredicateHandler.handleRequest(PredicateHandler.java:43)
	at io.undertow.servlet.handlers.ServletInitialHandler.dispatchRequest(ServletInitialHandler.java:274)
	at io.undertow.servlet.handlers.ServletInitialHandler.dispatchToPath(ServletInitialHandler.java:209)
	at io.undertow.servlet.spec.RequestDispatcherImpl.error(RequestDispatcherImpl.java:501)
	... 16 common frames omitted
2020-06-23 15:27:49,961 [XNIO-1 task-20] INFO  [c.e.a.h.EntfrmAuthenticationSuccessEventHandler] EntfrmAuthenticationSuccessEventHandler.java:50 - 用户：com.entfrm.core.security.entity.EntfrmUser@b29dd856: Username: entfrm; Password: [PROTECTED]; Enabled: true; AccountNonExpired: true; credentialsNonExpired: true; AccountNonLocked: true; Granted Authorities: ROLE_1,apiinfo_add,apiinfo_del,apiinfo_edit,apiinfo_export,apiinfo_view,application_add,application_del,application_edit,application_export,application_view,article_add,article_del,article_edit,article_export,article_view,backup_add,backup_del,backup_restore,backup_view,category_add,category_del,category_edit,category_view,clientDetails_add,clientDetails_del,clientDetails_edit,clientDetails_view,config_add,config_del,config_edit,config_view,datasource_add,datasource_del,datasource_edit,datasource_view,datatable_add,datatable_config,datatable_del,datatable_edit,datatable_gen,datatable_view,dept_add,dept_del,dept_edit,dept_import,dept_view,dictData_add,dictData_del,dictData_edit,dictData_view,dict_add,dict_del,dict_edit,dict_view,fileInfo_add,fileInfo_del,fileInfo_edit,fileInfo_share,fileInfo_view,infoConfig_add,infoConfig_del,infoConfig_edit,infoConfig_export,infoConfig_view,jobLog_del,jobLog_view,job_add,job_del,job_edit,job_refresh,job_start,job_stop,job_view,leave_add,leave_del,leave_edit,leave_export,leave_view,loginLog_del,loginLog_export,loginLog_view,menu_add,menu_del,menu_edit,menu_view,model_add,model_del,model_deploy,model_design,model_view,operLog_del,operLog_export,operLog_view,process_change,process_del,process_img,process_view,role_add,role_data,role_del,role_edit,role_view,shortcut_add,shortcut_del,shortcut_edit,shortcut_view,task_check,task_comment,task_track,task_view,token_del,token_view,user_add,user_del,user_edit,user_export,user_import,user_reset,user_view 授权成功，url：/test1/test2
2020-06-23 15:32:44,721 [XNIO-1 task-22] INFO  [c.e.a.h.EntfrmAuthenticationSuccessEventHandler] EntfrmAuthenticationSuccessEventHandler.java:50 - 用户：com.entfrm.core.security.entity.EntfrmUser@b29dd856: Username: entfrm; Password: [PROTECTED]; Enabled: true; AccountNonExpired: true; credentialsNonExpired: true; AccountNonLocked: true; Granted Authorities: ROLE_1,apiinfo_add,apiinfo_del,apiinfo_edit,apiinfo_export,apiinfo_view,application_add,application_del,application_edit,application_export,application_view,article_add,article_del,article_edit,article_export,article_view,backup_add,backup_del,backup_restore,backup_view,category_add,category_del,category_edit,category_view,clientDetails_add,clientDetails_del,clientDetails_edit,clientDetails_view,config_add,config_del,config_edit,config_view,datasource_add,datasource_del,datasource_edit,datasource_view,datatable_add,datatable_config,datatable_del,datatable_edit,datatable_gen,datatable_view,dept_add,dept_del,dept_edit,dept_import,dept_view,dictData_add,dictData_del,dictData_edit,dictData_view,dict_add,dict_del,dict_edit,dict_view,fileInfo_add,fileInfo_del,fileInfo_edit,fileInfo_share,fileInfo_view,infoConfig_add,infoConfig_del,infoConfig_edit,infoConfig_export,infoConfig_view,jobLog_del,jobLog_view,job_add,job_del,job_edit,job_refresh,job_start,job_stop,job_view,leave_add,leave_del,leave_edit,leave_export,leave_view,loginLog_del,loginLog_export,loginLog_view,menu_add,menu_del,menu_edit,menu_view,model_add,model_del,model_deploy,model_design,model_view,operLog_del,operLog_export,operLog_view,process_change,process_del,process_img,process_view,role_add,role_data,role_del,role_edit,role_view,shortcut_add,shortcut_del,shortcut_edit,shortcut_view,task_check,task_comment,task_track,task_view,token_del,token_view,user_add,user_del,user_edit,user_export,user_import,user_reset,user_view 授权成功，url：/test1/test2
2020-06-23 15:46:42,957 [main] INFO  [com.entfrm.web.WebApplication] StartupInfoLogger.java:50 - Starting WebApplication on 丿於豪 with PID 14780 (started by 丿於豪 in D:\Workspaces\idea\营养\entfrm1)
2020-06-23 15:46:42,965 [main] DEBUG [com.entfrm.web.WebApplication] StartupInfoLogger.java:53 - Running with Spring Boot v2.1.5.RELEASE, Spring v5.1.7.RELEASE
2020-06-23 15:46:42,966 [main] INFO  [com.entfrm.web.WebApplication] SpringApplication.java:679 - The following profiles are active: druid
2020-06-23 15:46:46,640 [main] WARN  [io.undertow.websockets.jsr] Bootstrap.java:68 - UT026010: Buffer pool was not set on WebSocketDeploymentInfo, the default pool will be used
2020-06-23 15:46:46,699 [main] INFO  [io.undertow.servlet] ServletContextImpl.java:364 - Initializing Spring embedded WebApplicationContext
2020-06-23 15:46:47,229 [main] INFO  [c.entfrm.core.data.config.DynamicDataSourceConfig] DynamicDataSourceConfig.java:60 - 开始 -> 初始化动态数据源
2020-06-23 15:46:47,230 [main] INFO  [c.entfrm.core.data.config.DynamicDataSourceConfig] DynamicDataSourceConfig.java:62 - 数据源:entfrm-boot
2020-06-23 15:46:47,238 [main] INFO  [c.entfrm.core.data.config.DynamicDataSourceConfig] DynamicDataSourceConfig.java:73 - 完毕 -> 初始化动态数据源,共计 1 条
2020-06-23 15:46:47,305 [main] INFO  [org.quartz.ee.servlet.QuartzInitializerListener] QuartzInitializerListener.java:147 - Quartz Initializer Servlet loaded, initializing Scheduler...
2020-06-23 15:46:47,331 [main] INFO  [org.quartz.impl.StdSchedulerFactory] StdSchedulerFactory.java:1208 - Using default implementation for ThreadExecutor
2020-06-23 15:46:47,333 [main] INFO  [org.quartz.simpl.SimpleThreadPool] SimpleThreadPool.java:268 - Job execution threads will use class loader of thread: main
2020-06-23 15:46:47,344 [main] INFO  [org.quartz.core.SchedulerSignalerImpl] SchedulerSignalerImpl.java:61 - Initialized Scheduler Signaller of type: class org.quartz.core.SchedulerSignalerImpl
2020-06-23 15:46:47,345 [main] INFO  [org.quartz.core.QuartzScheduler] QuartzScheduler.java:229 - Quartz Scheduler v.2.3.1 created.
2020-06-23 15:46:47,346 [main] INFO  [org.quartz.simpl.RAMJobStore] RAMJobStore.java:155 - RAMJobStore initialized.
2020-06-23 15:46:47,347 [main] INFO  [org.quartz.core.QuartzScheduler] QuartzScheduler.java:294 - Scheduler meta-data: Quartz Scheduler (v2.3.1) 'DefaultQuartzScheduler' with instanceId 'NON_CLUSTERED'
  Scheduler class: 'org.quartz.core.QuartzScheduler' - running locally.
  NOT STARTED.
  Currently in standby mode.
  Number of jobs executed: 0
  Using thread pool 'org.quartz.simpl.SimpleThreadPool' - with 10 threads.
  Using job-store 'org.quartz.simpl.RAMJobStore' - which does not support persistence. and is not clustered.

2020-06-23 15:46:47,347 [main] INFO  [org.quartz.impl.StdSchedulerFactory] StdSchedulerFactory.java:1362 - Quartz scheduler 'DefaultQuartzScheduler' initialized from default resource file in Quartz package: 'quartz.properties'
2020-06-23 15:46:47,348 [main] INFO  [org.quartz.impl.StdSchedulerFactory] StdSchedulerFactory.java:1366 - Quartz scheduler version: 2.3.1
2020-06-23 15:46:47,348 [main] INFO  [org.quartz.core.QuartzScheduler] QuartzScheduler.java:547 - Scheduler DefaultQuartzScheduler_$_NON_CLUSTERED started.
2020-06-23 15:46:47,348 [main] INFO  [org.quartz.ee.servlet.QuartzInitializerListener] QuartzInitializerListener.java:199 - Scheduler has been started...
2020-06-23 15:46:47,348 [main] INFO  [org.quartz.ee.servlet.QuartzInitializerListener] QuartzInitializerListener.java:217 - Storing the Quartz Scheduler Factory in the servlet context at key: org.quartz.impl.StdSchedulerFactory.KEY
2020-06-23 15:46:48,796 [main] WARN  [c.b.mybatisplus.core.metadata.TableInfoHelper] TableInfoHelper.java:296 - Warn: Could not find @TableId in Class: com.entfrm.biz.system.entity.RoleDept.
2020-06-23 15:46:48,863 [main] WARN  [c.b.mybatisplus.core.metadata.TableInfoHelper] TableInfoHelper.java:296 - Warn: Could not find @TableId in Class: com.entfrm.biz.system.entity.RoleMenu.
2020-06-23 15:46:49,044 [main] WARN  [c.b.mybatisplus.core.metadata.TableInfoHelper] TableInfoHelper.java:296 - Warn: Could not find @TableId in Class: com.entfrm.biz.system.entity.UserRole.
2020-06-23 15:46:50,730 [main] INFO  [com.alibaba.druid.pool.DruidDataSource] DruidDataSource.java:1010 - {dataSource-1} inited
2020-06-23 15:46:50,748 [main] INFO  [org.quartz.impl.StdSchedulerFactory] StdSchedulerFactory.java:1208 - Using default implementation for ThreadExecutor
2020-06-23 15:46:50,750 [main] INFO  [org.quartz.core.SchedulerSignalerImpl] SchedulerSignalerImpl.java:61 - Initialized Scheduler Signaller of type: class org.quartz.core.SchedulerSignalerImpl
2020-06-23 15:46:50,750 [main] INFO  [org.quartz.core.QuartzScheduler] QuartzScheduler.java:229 - Quartz Scheduler v.2.3.1 created.
2020-06-23 15:46:50,751 [main] INFO  [org.quartz.simpl.RAMJobStore] RAMJobStore.java:155 - RAMJobStore initialized.
2020-06-23 15:46:50,751 [main] INFO  [org.quartz.core.QuartzScheduler] QuartzScheduler.java:294 - Scheduler meta-data: Quartz Scheduler (v2.3.1) 'quartzScheduler' with instanceId 'NON_CLUSTERED'
  Scheduler class: 'org.quartz.core.QuartzScheduler' - running locally.
  NOT STARTED.
  Currently in standby mode.
  Number of jobs executed: 0
  Using thread pool 'org.quartz.simpl.SimpleThreadPool' - with 10 threads.
  Using job-store 'org.quartz.simpl.RAMJobStore' - which does not support persistence. and is not clustered.

2020-06-23 15:46:50,751 [main] INFO  [org.quartz.impl.StdSchedulerFactory] StdSchedulerFactory.java:1362 - Quartz scheduler 'quartzScheduler' initialized from an externally provided properties instance.
2020-06-23 15:46:50,752 [main] INFO  [org.quartz.impl.StdSchedulerFactory] StdSchedulerFactory.java:1366 - Quartz scheduler version: 2.3.1
2020-06-23 15:46:50,752 [main] INFO  [org.quartz.core.QuartzScheduler] QuartzScheduler.java:2293 - JobFactory set to: com.entfrm.biz.quartz.config.AutowireCapableBeanJobFactory@c497a55
2020-06-23 15:46:51,749 [main] INFO  [org.activiti.engine.impl.ProcessEngineImpl] ProcessEngineImpl.java:85 - ProcessEngine default created
2020-06-23 15:46:54,246 [main] DEBUG [com.entfrm.biz.quartz.mapper.JobMapper.selectList] BaseJdbcLogger.java:143 - ==>  Preparing: SELECT id,job_name,job_group,job_order,job_type,execute_path,params_value,cron_expression,misfire_policy,job_tenant_type,job_status,job_execute_status,start_time,previous_time,next_time,create_by,create_time,update_by,update_time,remarks,del_flag FROM sys_job WHERE del_flag='0' 
2020-06-23 15:46:54,252 [main] DEBUG [com.entfrm.biz.quartz.mapper.JobMapper.selectList] BaseJdbcLogger.java:143 - ==> Parameters: 
2020-06-23 15:46:54,261 [main] DEBUG [com.entfrm.biz.quartz.mapper.JobMapper.selectList] BaseJdbcLogger.java:143 - <==      Total: 2
2020-06-23 15:46:54,289 [main] INFO  [s.d.s.w.PropertySourcedRequestMappingHandlerMapping] PropertySourcedRequestMappingHandlerMapping.java:69 - Mapped URL path [/v2/api-docs] onto method [public org.springframework.http.ResponseEntity<springfox.documentation.spring.web.json.Json> springfox.documentation.swagger2.web.Swagger2Controller.getDocumentation(java.lang.String,javax.servlet.http.HttpServletRequest)]
2020-06-23 15:46:55,201 [main] INFO  [s.d.s.web.plugins.DocumentationPluginsBootstrapper] DocumentationPluginsBootstrapper.java:160 - Context refreshed
2020-06-23 15:46:55,230 [main] INFO  [s.d.s.web.plugins.DocumentationPluginsBootstrapper] DocumentationPluginsBootstrapper.java:163 - Found 1 custom documentation plugin(s)
2020-06-23 15:46:55,294 [main] INFO  [s.d.spring.web.scanners.ApiListingReferenceScanner] ApiListingReferenceScanner.java:41 - Scanning for api listing references
2020-06-23 15:46:55,499 [main] INFO  [s.d.s.w.r.operation.CachingOperationNameGenerator] CachingOperationNameGenerator.java:40 - Generating unique operation named: getByIdUsingGET_1
2020-06-23 15:46:55,506 [main] INFO  [s.d.s.w.r.operation.CachingOperationNameGenerator] CachingOperationNameGenerator.java:40 - Generating unique operation named: listUsingGET_1
2020-06-23 15:46:55,508 [main] INFO  [s.d.s.w.r.operation.CachingOperationNameGenerator] CachingOperationNameGenerator.java:40 - Generating unique operation named: removeUsingDELETE_1
2020-06-23 15:46:55,514 [main] INFO  [s.d.s.w.r.operation.CachingOperationNameGenerator] CachingOperationNameGenerator.java:40 - Generating unique operation named: saveUsingPOST_1
2020-06-23 15:46:55,516 [main] INFO  [s.d.s.w.r.operation.CachingOperationNameGenerator] CachingOperationNameGenerator.java:40 - Generating unique operation named: updateUsingPUT_1
2020-06-23 15:46:55,521 [main] INFO  [s.d.s.w.r.operation.CachingOperationNameGenerator] CachingOperationNameGenerator.java:40 - Generating unique operation named: getByIdUsingGET_2
2020-06-23 15:46:55,528 [main] INFO  [s.d.s.w.r.operation.CachingOperationNameGenerator] CachingOperationNameGenerator.java:40 - Generating unique operation named: listUsingGET_2
2020-06-23 15:46:55,530 [main] INFO  [s.d.s.w.r.operation.CachingOperationNameGenerator] CachingOperationNameGenerator.java:40 - Generating unique operation named: removeUsingDELETE_2
2020-06-23 15:46:55,536 [main] INFO  [s.d.s.w.r.operation.CachingOperationNameGenerator] CachingOperationNameGenerator.java:40 - Generating unique operation named: saveUsingPOST_2
2020-06-23 15:46:55,541 [main] INFO  [s.d.s.w.r.operation.CachingOperationNameGenerator] CachingOperationNameGenerator.java:40 - Generating unique operation named: updateUsingPUT_2
2020-06-23 15:46:55,555 [main] INFO  [org.quartz.core.QuartzScheduler] QuartzScheduler.java:547 - Scheduler quartzScheduler_$_NON_CLUSTERED started.
2020-06-23 15:46:55,568 [main] DEBUG [com.entfrm.auth.filter.CaptchaFilter] GenericFilterBean.java:241 - Filter 'captchaFilter' configured for use
2020-06-23 15:46:55,581 [main] INFO  [org.xnio] Xnio.java:104 - XNIO version 3.3.8.Final
2020-06-23 15:46:55,597 [main] INFO  [org.xnio.nio] NioXnio.java:55 - XNIO NIO Implementation Version 3.3.8.Final
2020-06-23 15:46:55,684 [main] INFO  [com.entfrm.web.WebApplication] StartupInfoLogger.java:59 - Started WebApplication in 14.662 seconds (JVM running for 16.424)
2020-06-23 15:47:03,539 [XNIO-1 task-1] INFO  [io.undertow.servlet] ServletContextImpl.java:364 - Initializing Spring DispatcherServlet 'dispatcherServlet'
2020-06-23 15:47:03,722 [XNIO-1 task-1] INFO  [io.lettuce.core.EpollProvider] EpollProvider.java:68 - Starting without optional epoll library
2020-06-23 15:47:03,725 [XNIO-1 task-1] INFO  [io.lettuce.core.KqueueProvider] KqueueProvider.java:70 - Starting without optional kqueue library
2020-06-23 15:47:04,402 [XNIO-1 task-1] INFO  [c.e.a.h.EntfrmAuthenticationSuccessEventHandler] EntfrmAuthenticationSuccessEventHandler.java:50 - 用户：com.entfrm.core.security.entity.EntfrmUser@b29dd856: Username: entfrm; Password: [PROTECTED]; Enabled: true; AccountNonExpired: true; credentialsNonExpired: true; AccountNonLocked: true; Granted Authorities: ROLE_1,apiinfo_add,apiinfo_del,apiinfo_edit,apiinfo_export,apiinfo_view,application_add,application_del,application_edit,application_export,application_view,article_add,article_del,article_edit,article_export,article_view,backup_add,backup_del,backup_restore,backup_view,category_add,category_del,category_edit,category_view,clientDetails_add,clientDetails_del,clientDetails_edit,clientDetails_view,config_add,config_del,config_edit,config_view,datasource_add,datasource_del,datasource_edit,datasource_view,datatable_add,datatable_config,datatable_del,datatable_edit,datatable_gen,datatable_view,dept_add,dept_del,dept_edit,dept_import,dept_view,dictData_add,dictData_del,dictData_edit,dictData_view,dict_add,dict_del,dict_edit,dict_view,fileInfo_add,fileInfo_del,fileInfo_edit,fileInfo_share,fileInfo_view,infoConfig_add,infoConfig_del,infoConfig_edit,infoConfig_export,infoConfig_view,jobLog_del,jobLog_view,job_add,job_del,job_edit,job_refresh,job_start,job_stop,job_view,leave_add,leave_del,leave_edit,leave_export,leave_view,loginLog_del,loginLog_export,loginLog_view,menu_add,menu_del,menu_edit,menu_view,model_add,model_del,model_deploy,model_design,model_view,operLog_del,operLog_export,operLog_view,process_change,process_del,process_img,process_view,role_add,role_data,role_del,role_edit,role_view,shortcut_add,shortcut_del,shortcut_edit,shortcut_view,task_check,task_comment,task_track,task_view,token_del,token_view,user_add,user_del,user_edit,user_export,user_import,user_reset,user_view 授权成功，url：/test1/test2
2020-06-23 16:29:43,573 [main] INFO  [com.entfrm.web.WebApplication] StartupInfoLogger.java:50 - Starting WebApplication on 丿於豪 with PID 12056 (started by 丿於豪 in D:\Workspaces\idea\营养\entfrm1)
2020-06-23 16:29:43,636 [main] DEBUG [com.entfrm.web.WebApplication] StartupInfoLogger.java:53 - Running with Spring Boot v2.1.5.RELEASE, Spring v5.1.7.RELEASE
2020-06-23 16:29:43,636 [main] INFO  [com.entfrm.web.WebApplication] SpringApplication.java:679 - The following profiles are active: druid
2020-06-23 16:29:47,579 [main] WARN  [io.undertow.websockets.jsr] Bootstrap.java:68 - UT026010: Buffer pool was not set on WebSocketDeploymentInfo, the default pool will be used
2020-06-23 16:29:47,623 [main] INFO  [io.undertow.servlet] ServletContextImpl.java:364 - Initializing Spring embedded WebApplicationContext
2020-06-23 16:29:48,153 [main] INFO  [c.entfrm.core.data.config.DynamicDataSourceConfig] DynamicDataSourceConfig.java:60 - 开始 -> 初始化动态数据源
2020-06-23 16:29:48,154 [main] INFO  [c.entfrm.core.data.config.DynamicDataSourceConfig] DynamicDataSourceConfig.java:62 - 数据源:entfrm-boot
2020-06-23 16:29:48,180 [main] INFO  [c.entfrm.core.data.config.DynamicDataSourceConfig] DynamicDataSourceConfig.java:73 - 完毕 -> 初始化动态数据源,共计 1 条
2020-06-23 16:29:48,439 [main] INFO  [org.quartz.ee.servlet.QuartzInitializerListener] QuartzInitializerListener.java:147 - Quartz Initializer Servlet loaded, initializing Scheduler...
2020-06-23 16:29:48,484 [main] INFO  [org.quartz.impl.StdSchedulerFactory] StdSchedulerFactory.java:1208 - Using default implementation for ThreadExecutor
2020-06-23 16:29:48,489 [main] INFO  [org.quartz.simpl.SimpleThreadPool] SimpleThreadPool.java:268 - Job execution threads will use class loader of thread: main
2020-06-23 16:29:48,537 [main] INFO  [org.quartz.core.SchedulerSignalerImpl] SchedulerSignalerImpl.java:61 - Initialized Scheduler Signaller of type: class org.quartz.core.SchedulerSignalerImpl
2020-06-23 16:29:48,540 [main] INFO  [org.quartz.core.QuartzScheduler] QuartzScheduler.java:229 - Quartz Scheduler v.2.3.1 created.
2020-06-23 16:29:48,544 [main] INFO  [org.quartz.simpl.RAMJobStore] RAMJobStore.java:155 - RAMJobStore initialized.
2020-06-23 16:29:48,547 [main] INFO  [org.quartz.core.QuartzScheduler] QuartzScheduler.java:294 - Scheduler meta-data: Quartz Scheduler (v2.3.1) 'DefaultQuartzScheduler' with instanceId 'NON_CLUSTERED'
  Scheduler class: 'org.quartz.core.QuartzScheduler' - running locally.
  NOT STARTED.
  Currently in standby mode.
  Number of jobs executed: 0
  Using thread pool 'org.quartz.simpl.SimpleThreadPool' - with 10 threads.
  Using job-store 'org.quartz.simpl.RAMJobStore' - which does not support persistence. and is not clustered.

2020-06-23 16:29:48,548 [main] INFO  [org.quartz.impl.StdSchedulerFactory] StdSchedulerFactory.java:1362 - Quartz scheduler 'DefaultQuartzScheduler' initialized from default resource file in Quartz package: 'quartz.properties'
2020-06-23 16:29:48,549 [main] INFO  [org.quartz.impl.StdSchedulerFactory] StdSchedulerFactory.java:1366 - Quartz scheduler version: 2.3.1
2020-06-23 16:29:48,551 [main] INFO  [org.quartz.core.QuartzScheduler] QuartzScheduler.java:547 - Scheduler DefaultQuartzScheduler_$_NON_CLUSTERED started.
2020-06-23 16:29:48,552 [main] INFO  [org.quartz.ee.servlet.QuartzInitializerListener] QuartzInitializerListener.java:199 - Scheduler has been started...
2020-06-23 16:29:48,553 [main] INFO  [org.quartz.ee.servlet.QuartzInitializerListener] QuartzInitializerListener.java:217 - Storing the Quartz Scheduler Factory in the servlet context at key: org.quartz.impl.StdSchedulerFactory.KEY
2020-06-23 16:29:50,169 [main] WARN  [c.b.mybatisplus.core.metadata.TableInfoHelper] TableInfoHelper.java:296 - Warn: Could not find @TableId in Class: com.entfrm.biz.system.entity.RoleDept.
2020-06-23 16:29:50,231 [main] WARN  [c.b.mybatisplus.core.metadata.TableInfoHelper] TableInfoHelper.java:296 - Warn: Could not find @TableId in Class: com.entfrm.biz.system.entity.RoleMenu.
2020-06-23 16:29:50,406 [main] WARN  [c.b.mybatisplus.core.metadata.TableInfoHelper] TableInfoHelper.java:296 - Warn: Could not find @TableId in Class: com.entfrm.biz.system.entity.UserRole.
2020-06-23 16:29:52,800 [main] INFO  [com.alibaba.druid.pool.DruidDataSource] DruidDataSource.java:1010 - {dataSource-1} inited
2020-06-23 16:29:52,817 [main] INFO  [org.quartz.impl.StdSchedulerFactory] StdSchedulerFactory.java:1208 - Using default implementation for ThreadExecutor
2020-06-23 16:29:52,819 [main] INFO  [org.quartz.core.SchedulerSignalerImpl] SchedulerSignalerImpl.java:61 - Initialized Scheduler Signaller of type: class org.quartz.core.SchedulerSignalerImpl
2020-06-23 16:29:52,819 [main] INFO  [org.quartz.core.QuartzScheduler] QuartzScheduler.java:229 - Quartz Scheduler v.2.3.1 created.
2020-06-23 16:29:52,819 [main] INFO  [org.quartz.simpl.RAMJobStore] RAMJobStore.java:155 - RAMJobStore initialized.
2020-06-23 16:29:52,819 [main] INFO  [org.quartz.core.QuartzScheduler] QuartzScheduler.java:294 - Scheduler meta-data: Quartz Scheduler (v2.3.1) 'quartzScheduler' with instanceId 'NON_CLUSTERED'
  Scheduler class: 'org.quartz.core.QuartzScheduler' - running locally.
  NOT STARTED.
  Currently in standby mode.
  Number of jobs executed: 0
  Using thread pool 'org.quartz.simpl.SimpleThreadPool' - with 10 threads.
  Using job-store 'org.quartz.simpl.RAMJobStore' - which does not support persistence. and is not clustered.

2020-06-23 16:29:52,820 [main] INFO  [org.quartz.impl.StdSchedulerFactory] StdSchedulerFactory.java:1362 - Quartz scheduler 'quartzScheduler' initialized from an externally provided properties instance.
2020-06-23 16:29:52,820 [main] INFO  [org.quartz.impl.StdSchedulerFactory] StdSchedulerFactory.java:1366 - Quartz scheduler version: 2.3.1
2020-06-23 16:29:52,820 [main] INFO  [org.quartz.core.QuartzScheduler] QuartzScheduler.java:2293 - JobFactory set to: com.entfrm.biz.quartz.config.AutowireCapableBeanJobFactory@c758a2d
2020-06-23 16:29:53,937 [main] INFO  [org.activiti.engine.impl.ProcessEngineImpl] ProcessEngineImpl.java:85 - ProcessEngine default created
2020-06-23 16:29:56,554 [main] DEBUG [com.entfrm.biz.quartz.mapper.JobMapper.selectList] BaseJdbcLogger.java:143 - ==>  Preparing: SELECT id,job_name,job_group,job_order,job_type,execute_path,params_value,cron_expression,misfire_policy,job_tenant_type,job_status,job_execute_status,start_time,previous_time,next_time,create_by,create_time,update_by,update_time,remarks,del_flag FROM sys_job WHERE del_flag='0' 
2020-06-23 16:29:56,561 [main] DEBUG [com.entfrm.biz.quartz.mapper.JobMapper.selectList] BaseJdbcLogger.java:143 - ==> Parameters: 
2020-06-23 16:29:56,569 [main] DEBUG [com.entfrm.biz.quartz.mapper.JobMapper.selectList] BaseJdbcLogger.java:143 - <==      Total: 2
2020-06-23 16:29:56,600 [main] INFO  [s.d.s.w.PropertySourcedRequestMappingHandlerMapping] PropertySourcedRequestMappingHandlerMapping.java:69 - Mapped URL path [/v2/api-docs] onto method [public org.springframework.http.ResponseEntity<springfox.documentation.spring.web.json.Json> springfox.documentation.swagger2.web.Swagger2Controller.getDocumentation(java.lang.String,javax.servlet.http.HttpServletRequest)]
2020-06-23 16:29:57,593 [main] INFO  [s.d.s.web.plugins.DocumentationPluginsBootstrapper] DocumentationPluginsBootstrapper.java:160 - Context refreshed
2020-06-23 16:29:57,618 [main] INFO  [s.d.s.web.plugins.DocumentationPluginsBootstrapper] DocumentationPluginsBootstrapper.java:163 - Found 1 custom documentation plugin(s)
2020-06-23 16:29:57,684 [main] INFO  [s.d.spring.web.scanners.ApiListingReferenceScanner] ApiListingReferenceScanner.java:41 - Scanning for api listing references
2020-06-23 16:29:57,918 [main] INFO  [s.d.s.w.r.operation.CachingOperationNameGenerator] CachingOperationNameGenerator.java:40 - Generating unique operation named: getByIdUsingGET_1
2020-06-23 16:29:57,925 [main] INFO  [s.d.s.w.r.operation.CachingOperationNameGenerator] CachingOperationNameGenerator.java:40 - Generating unique operation named: listUsingGET_1
2020-06-23 16:29:57,927 [main] INFO  [s.d.s.w.r.operation.CachingOperationNameGenerator] CachingOperationNameGenerator.java:40 - Generating unique operation named: removeUsingDELETE_1
2020-06-23 16:29:57,932 [main] INFO  [s.d.s.w.r.operation.CachingOperationNameGenerator] CachingOperationNameGenerator.java:40 - Generating unique operation named: saveUsingPOST_1
2020-06-23 16:29:57,935 [main] INFO  [s.d.s.w.r.operation.CachingOperationNameGenerator] CachingOperationNameGenerator.java:40 - Generating unique operation named: updateUsingPUT_1
2020-06-23 16:29:57,939 [main] INFO  [s.d.s.w.r.operation.CachingOperationNameGenerator] CachingOperationNameGenerator.java:40 - Generating unique operation named: getByIdUsingGET_2
2020-06-23 16:29:57,947 [main] INFO  [s.d.s.w.r.operation.CachingOperationNameGenerator] CachingOperationNameGenerator.java:40 - Generating unique operation named: listUsingGET_2
2020-06-23 16:29:57,949 [main] INFO  [s.d.s.w.r.operation.CachingOperationNameGenerator] CachingOperationNameGenerator.java:40 - Generating unique operation named: removeUsingDELETE_2
2020-06-23 16:29:57,957 [main] INFO  [s.d.s.w.r.operation.CachingOperationNameGenerator] CachingOperationNameGenerator.java:40 - Generating unique operation named: saveUsingPOST_2
2020-06-23 16:29:57,964 [main] INFO  [s.d.s.w.r.operation.CachingOperationNameGenerator] CachingOperationNameGenerator.java:40 - Generating unique operation named: updateUsingPUT_2
2020-06-23 16:29:57,977 [main] INFO  [org.quartz.core.QuartzScheduler] QuartzScheduler.java:547 - Scheduler quartzScheduler_$_NON_CLUSTERED started.
2020-06-23 16:29:57,990 [main] DEBUG [com.entfrm.auth.filter.CaptchaFilter] GenericFilterBean.java:241 - Filter 'captchaFilter' configured for use
2020-06-23 16:29:58,003 [main] INFO  [org.xnio] Xnio.java:104 - XNIO version 3.3.8.Final
2020-06-23 16:29:58,020 [main] INFO  [org.xnio.nio] NioXnio.java:55 - XNIO NIO Implementation Version 3.3.8.Final
2020-06-23 16:29:58,115 [main] INFO  [com.entfrm.web.WebApplication] StartupInfoLogger.java:59 - Started WebApplication in 16.73 seconds (JVM running for 18.817)
2020-06-23 16:30:01,347 [XNIO-1 task-1] INFO  [io.undertow.servlet] ServletContextImpl.java:364 - Initializing Spring DispatcherServlet 'dispatcherServlet'
2020-06-23 16:30:01,485 [XNIO-1 task-1] INFO  [io.lettuce.core.EpollProvider] EpollProvider.java:68 - Starting without optional epoll library
2020-06-23 16:30:01,487 [XNIO-1 task-1] INFO  [io.lettuce.core.KqueueProvider] KqueueProvider.java:70 - Starting without optional kqueue library
2020-06-23 16:30:02,298 [XNIO-1 task-1] INFO  [c.e.a.h.EntfrmAuthenticationSuccessEventHandler] EntfrmAuthenticationSuccessEventHandler.java:50 - 用户：com.entfrm.core.security.entity.EntfrmUser@b29dd856: Username: entfrm; Password: [PROTECTED]; Enabled: true; AccountNonExpired: true; credentialsNonExpired: true; AccountNonLocked: true; Granted Authorities: ROLE_1,apiinfo_add,apiinfo_del,apiinfo_edit,apiinfo_export,apiinfo_view,application_add,application_del,application_edit,application_export,application_view,article_add,article_del,article_edit,article_export,article_view,backup_add,backup_del,backup_restore,backup_view,category_add,category_del,category_edit,category_view,clientDetails_add,clientDetails_del,clientDetails_edit,clientDetails_view,config_add,config_del,config_edit,config_view,datasource_add,datasource_del,datasource_edit,datasource_view,datatable_add,datatable_config,datatable_del,datatable_edit,datatable_gen,datatable_view,dept_add,dept_del,dept_edit,dept_import,dept_view,dictData_add,dictData_del,dictData_edit,dictData_view,dict_add,dict_del,dict_edit,dict_view,fileInfo_add,fileInfo_del,fileInfo_edit,fileInfo_share,fileInfo_view,infoConfig_add,infoConfig_del,infoConfig_edit,infoConfig_export,infoConfig_view,jobLog_del,jobLog_view,job_add,job_del,job_edit,job_refresh,job_start,job_stop,job_view,leave_add,leave_del,leave_edit,leave_export,leave_view,loginLog_del,loginLog_export,loginLog_view,menu_add,menu_del,menu_edit,menu_view,model_add,model_del,model_deploy,model_design,model_view,operLog_del,operLog_export,operLog_view,process_change,process_del,process_img,process_view,role_add,role_data,role_del,role_edit,role_view,shortcut_add,shortcut_del,shortcut_edit,shortcut_view,task_check,task_comment,task_track,task_view,token_del,token_view,user_add,user_del,user_edit,user_export,user_import,user_reset,user_view 授权成功，url：/admin/sys.menu/menuAdd
2020-06-23 16:30:02,342 [XNIO-1 task-1] ERROR [c.e.core.security.handler.GlobalExceptionHandler] GlobalExceptionHandler.java:35 - 全局异常信息 ex=Required String parameter 'menuid' is not present
org.springframework.web.bind.MissingServletRequestParameterException: Required String parameter 'menuid' is not present
	at org.springframework.web.method.annotation.RequestParamMethodArgumentResolver.handleMissingValue(RequestParamMethodArgumentResolver.java:202)
	at org.springframework.web.method.annotation.AbstractNamedValueMethodArgumentResolver.resolveArgument(AbstractNamedValueMethodArgumentResolver.java:113)
	at org.springframework.web.method.support.HandlerMethodArgumentResolverComposite.resolveArgument(HandlerMethodArgumentResolverComposite.java:126)
	at org.springframework.web.method.support.InvocableHandlerMethod.getMethodArgumentValues(InvocableHandlerMethod.java:167)
	at org.springframework.web.method.support.InvocableHandlerMethod.invokeForRequest(InvocableHandlerMethod.java:134)
	at org.springframework.web.servlet.mvc.method.annotation.ServletInvocableHandlerMethod.invokeAndHandle(ServletInvocableHandlerMethod.java:104)
	at org.springframework.web.servlet.mvc.method.annotation.RequestMappingHandlerAdapter.invokeHandlerMethod(RequestMappingHandlerAdapter.java:892)
	at org.springframework.web.servlet.mvc.method.annotation.RequestMappingHandlerAdapter.handleInternal(RequestMappingHandlerAdapter.java:797)
	at org.springframework.web.servlet.mvc.method.AbstractHandlerMethodAdapter.handle(AbstractHandlerMethodAdapter.java:87)
	at org.springframework.web.servlet.DispatcherServlet.doDispatch(DispatcherServlet.java:1039)
	at org.springframework.web.servlet.DispatcherServlet.doService(DispatcherServlet.java:942)
	at org.springframework.web.servlet.FrameworkServlet.processRequest(FrameworkServlet.java:1005)
	at org.springframework.web.servlet.FrameworkServlet.doGet(FrameworkServlet.java:897)
	at javax.servlet.http.HttpServlet.service(HttpServlet.java:645)
	at org.springframework.web.servlet.FrameworkServlet.service(FrameworkServlet.java:882)
	at javax.servlet.http.HttpServlet.service(HttpServlet.java:750)
	at io.undertow.servlet.handlers.ServletHandler.handleRequest(ServletHandler.java:74)
	at io.undertow.servlet.handlers.FilterHandler$FilterChainImpl.doFilter(FilterHandler.java:129)
	at com.entfrm.auth.filter.CaptchaFilter.doFilterInternal(CaptchaFilter.java:45)
	at org.springframework.web.filter.OncePerRequestFilter.doFilter(OncePerRequestFilter.java:107)
	at io.undertow.servlet.core.ManagedFilter.doFilter(ManagedFilter.java:61)
	at io.undertow.servlet.handlers.FilterHandler$FilterChainImpl.doFilter(FilterHandler.java:131)
	at org.springframework.security.web.FilterChainProxy$VirtualFilterChain.doFilter(FilterChainProxy.java:320)
	at org.springframework.security.web.access.intercept.FilterSecurityInterceptor.invoke(FilterSecurityInterceptor.java:127)
	at org.springframework.security.web.access.intercept.FilterSecurityInterceptor.doFilter(FilterSecurityInterceptor.java:91)
	at org.springframework.security.web.FilterChainProxy$VirtualFilterChain.doFilter(FilterChainProxy.java:334)
	at org.springframework.security.web.access.ExceptionTranslationFilter.doFilter(ExceptionTranslationFilter.java:119)
	at org.springframework.security.web.FilterChainProxy$VirtualFilterChain.doFilter(FilterChainProxy.java:334)
	at org.springframework.security.web.session.SessionManagementFilter.doFilter(SessionManagementFilter.java:137)
	at org.springframework.security.web.FilterChainProxy$VirtualFilterChain.doFilter(FilterChainProxy.java:334)
	at org.springframework.security.web.authentication.AnonymousAuthenticationFilter.doFilter(AnonymousAuthenticationFilter.java:111)
	at org.springframework.security.web.FilterChainProxy$VirtualFilterChain.doFilter(FilterChainProxy.java:334)
	at org.springframework.security.web.servletapi.SecurityContextHolderAwareRequestFilter.doFilter(SecurityContextHolderAwareRequestFilter.java:170)
	at org.springframework.security.web.FilterChainProxy$VirtualFilterChain.doFilter(FilterChainProxy.java:334)
	at org.springframework.security.web.savedrequest.RequestCacheAwareFilter.doFilter(RequestCacheAwareFilter.java:63)
	at org.springframework.security.web.FilterChainProxy$VirtualFilterChain.doFilter(FilterChainProxy.java:334)
	at com.entfrm.auth.filter.CaptchaFilter.doFilterInternal(CaptchaFilter.java:45)
	at org.springframework.web.filter.OncePerRequestFilter.doFilter(OncePerRequestFilter.java:107)
	at org.springframework.security.web.FilterChainProxy$VirtualFilterChain.doFilter(FilterChainProxy.java:334)
	at org.springframework.security.oauth2.provider.authentication.OAuth2AuthenticationProcessingFilter.doFilter(OAuth2AuthenticationProcessingFilter.java:176)
	at org.springframework.security.web.FilterChainProxy$VirtualFilterChain.doFilter(FilterChainProxy.java:334)
	at org.springframework.security.web.authentication.logout.LogoutFilter.doFilter(LogoutFilter.java:116)
	at org.springframework.security.web.FilterChainProxy$VirtualFilterChain.doFilter(FilterChainProxy.java:334)
	at org.springframework.security.web.header.HeaderWriterFilter.doFilterInternal(HeaderWriterFilter.java:74)
	at org.springframework.web.filter.OncePerRequestFilter.doFilter(OncePerRequestFilter.java:107)
	at org.springframework.security.web.FilterChainProxy$VirtualFilterChain.doFilter(FilterChainProxy.java:334)
	at org.springframework.security.web.context.SecurityContextPersistenceFilter.doFilter(SecurityContextPersistenceFilter.java:105)
	at org.springframework.security.web.FilterChainProxy$VirtualFilterChain.doFilter(FilterChainProxy.java:334)
	at org.springframework.security.web.context.request.async.WebAsyncManagerIntegrationFilter.doFilterInternal(WebAsyncManagerIntegrationFilter.java:56)
	at org.springframework.web.filter.OncePerRequestFilter.doFilter(OncePerRequestFilter.java:107)
	at org.springframework.security.web.FilterChainProxy$VirtualFilterChain.doFilter(FilterChainProxy.java:334)
	at org.springframework.security.web.FilterChainProxy.doFilterInternal(FilterChainProxy.java:215)
	at org.springframework.security.web.FilterChainProxy.doFilter(FilterChainProxy.java:178)
	at org.springframework.web.filter.DelegatingFilterProxy.invokeDelegate(DelegatingFilterProxy.java:357)
	at org.springframework.web.filter.DelegatingFilterProxy.doFilter(DelegatingFilterProxy.java:270)
	at io.undertow.servlet.core.ManagedFilter.doFilter(ManagedFilter.java:61)
	at io.undertow.servlet.handlers.FilterHandler$FilterChainImpl.doFilter(FilterHandler.java:131)
	at org.springframework.web.filter.RequestContextFilter.doFilterInternal(RequestContextFilter.java:99)
	at org.springframework.web.filter.OncePerRequestFilter.doFilter(OncePerRequestFilter.java:107)
	at io.undertow.servlet.core.ManagedFilter.doFilter(ManagedFilter.java:61)
	at io.undertow.servlet.handlers.FilterHandler$FilterChainImpl.doFilter(FilterHandler.java:131)
	at org.springframework.web.filter.FormContentFilter.doFilterInternal(FormContentFilter.java:92)
	at org.springframework.web.filter.OncePerRequestFilter.doFilter(OncePerRequestFilter.java:107)
	at io.undertow.servlet.core.ManagedFilter.doFilter(ManagedFilter.java:61)
	at io.undertow.servlet.handlers.FilterHandler$FilterChainImpl.doFilter(FilterHandler.java:131)
	at org.springframework.web.filter.HiddenHttpMethodFilter.doFilterInternal(HiddenHttpMethodFilter.java:93)
	at org.springframework.web.filter.OncePerRequestFilter.doFilter(OncePerRequestFilter.java:107)
	at io.undertow.servlet.core.ManagedFilter.doFilter(ManagedFilter.java:61)
	at io.undertow.servlet.handlers.FilterHandler$FilterChainImpl.doFilter(FilterHandler.java:131)
	at org.springframework.web.filter.CharacterEncodingFilter.doFilterInternal(CharacterEncodingFilter.java:200)
	at org.springframework.web.filter.OncePerRequestFilter.doFilter(OncePerRequestFilter.java:107)
	at io.undertow.servlet.core.ManagedFilter.doFilter(ManagedFilter.java:61)
	at io.undertow.servlet.handlers.FilterHandler$FilterChainImpl.doFilter(FilterHandler.java:131)
	at io.undertow.servlet.handlers.FilterHandler.handleRequest(FilterHandler.java:84)
	at io.undertow.servlet.handlers.security.ServletSecurityRoleHandler.handleRequest(ServletSecurityRoleHandler.java:62)
	at io.undertow.servlet.handlers.ServletChain$1.handleRequest(ServletChain.java:68)
	at io.undertow.servlet.handlers.ServletDispatchingHandler.handleRequest(ServletDispatchingHandler.java:36)
	at io.undertow.servlet.handlers.security.SSLInformationAssociationHandler.handleRequest(SSLInformationAssociationHandler.java:132)
	at io.undertow.servlet.handlers.security.ServletAuthenticationCallHandler.handleRequest(ServletAuthenticationCallHandler.java:57)
	at io.undertow.server.handlers.PredicateHandler.handleRequest(PredicateHandler.java:43)
	at io.undertow.security.handlers.AbstractConfidentialityHandler.handleRequest(AbstractConfidentialityHandler.java:46)
	at io.undertow.servlet.handlers.security.ServletConfidentialityConstraintHandler.handleRequest(ServletConfidentialityConstraintHandler.java:64)
	at io.undertow.security.handlers.AuthenticationMechanismsHandler.handleRequest(AuthenticationMechanismsHandler.java:60)
	at io.undertow.servlet.handlers.security.CachedAuthenticatedSessionHandler.handleRequest(CachedAuthenticatedSessionHandler.java:77)
	at io.undertow.security.handlers.AbstractSecurityContextAssociationHandler.handleRequest(AbstractSecurityContextAssociationHandler.java:43)
	at io.undertow.server.handlers.PredicateHandler.handleRequest(PredicateHandler.java:43)
	at io.undertow.server.handlers.PredicateHandler.handleRequest(PredicateHandler.java:43)
	at io.undertow.servlet.handlers.ServletInitialHandler.handleFirstRequest(ServletInitialHandler.java:292)
	at io.undertow.servlet.handlers.ServletInitialHandler.access$100(ServletInitialHandler.java:81)
	at io.undertow.servlet.handlers.ServletInitialHandler$2.call(ServletInitialHandler.java:138)
	at io.undertow.servlet.handlers.ServletInitialHandler$2.call(ServletInitialHandler.java:135)
	at io.undertow.servlet.core.ServletRequestContextThreadSetupAction$1.call(ServletRequestContextThreadSetupAction.java:48)
	at io.undertow.servlet.core.ContextClassLoaderSetupAction$1.call(ContextClassLoaderSetupAction.java:43)
	at io.undertow.servlet.handlers.ServletInitialHandler.dispatchRequest(ServletInitialHandler.java:272)
	at io.undertow.servlet.handlers.ServletInitialHandler.access$000(ServletInitialHandler.java:81)
	at io.undertow.servlet.handlers.ServletInitialHandler$1.handleRequest(ServletInitialHandler.java:104)
	at io.undertow.server.Connectors.executeRootHandler(Connectors.java:364)
	at io.undertow.server.HttpServerExchange$1.run(HttpServerExchange.java:830)
	at java.util.concurrent.ThreadPoolExecutor.runWorker(ThreadPoolExecutor.java:1149)
	at java.util.concurrent.ThreadPoolExecutor$Worker.run(ThreadPoolExecutor.java:624)
	at java.lang.Thread.run(Thread.java:748)
